-------------------------------------------------------------------------------
Test set: com.yang.maven.demo.MavenDemoApplicationTests
-------------------------------------------------------------------------------
Tests run: 1, Failures: 0, Errors: 1, Skipped: 0, Time elapsed: 0.408 s <<< FAILURE! - in com.yang.maven.demo.MavenDemoApplicationTests
com.yang.maven.demo.MavenDemoApplicationTests  Time elapsed: 0.407 s  <<< ERROR!
java.lang.IllegalStateException: Unable to find a @SpringBootConfiguration, you need to use @ContextConfiguration or @SpringBootTest(classes=...) with your test

